<?xml version="1.0" encoding="UTF-8"?>
<testsuite xmlns:xsi="http://www.w3.org/2001/XMLSchema-instance" xsi:noNamespaceSchemaLocation="https://maven.apache.org/surefire/maven-surefire-plugin/xsd/surefire-test-report.xsd" name="TestSuite" time="7.594" tests="17" errors="0" skipped="0" failures="0">
  <properties>
    <property name="sun.desktop" value="windows"/>
    <property name="awt.toolkit" value="sun.awt.windows.WToolkit"/>
    <property name="surefire.suiteXmlFiles" value=".\Testsuite.xml"/>
    <property name="java.specification.version" value="1.8"/>
    <property name="file.encoding.pkg" value="sun.io"/>
    <property name="sun.cpu.isalist" value="amd64"/>
    <property name="sun.jnu.encoding" value="Cp1252"/>
    <property name="java.class.path" value="C:\Scott\TestAPI\target\test-classes;C:\Scott\TestAPI\target\classes;C:\lib\io\rest-assured\rest-assured\4.3.1\rest-assured-4.3.1.jar;C:\lib\org\codehaus\groovy\groovy\3.0.3\groovy-3.0.3.jar;C:\lib\org\codehaus\groovy\groovy-xml\3.0.3\groovy-xml-3.0.3.jar;C:\lib\org\apache\httpcomponents\httpclient\4.5.3\httpclient-4.5.3.jar;C:\lib\org\apache\httpcomponents\httpcore\4.4.6\httpcore-4.4.6.jar;C:\lib\commons-logging\commons-logging\1.2\commons-logging-1.2.jar;C:\lib\commons-codec\commons-codec\1.9\commons-codec-1.9.jar;C:\lib\org\apache\httpcomponents\httpmime\4.5.3\httpmime-4.5.3.jar;C:\lib\org\hamcrest\hamcrest\2.1\hamcrest-2.1.jar;C:\lib\org\ccil\cowan\tagsoup\tagsoup\1.2.1\tagsoup-1.2.1.jar;C:\lib\io\rest-assured\json-path\4.3.1\json-path-4.3.1.jar;C:\lib\org\codehaus\groovy\groovy-json\3.0.3\groovy-json-3.0.3.jar;C:\lib\io\rest-assured\rest-assured-common\4.3.1\rest-assured-common-4.3.1.jar;C:\lib\io\rest-assured\xml-path\4.3.1\xml-path-4.3.1.jar;C:\lib\org\apache\commons\commons-lang3\3.4\commons-lang3-3.4.jar;C:\lib\jakarta\xml\bind\jakarta.xml.bind-api\2.3.3\jakarta.xml.bind-api-2.3.3.jar;C:\lib\jakarta\activation\jakarta.activation-api\1.2.2\jakarta.activation-api-1.2.2.jar;C:\lib\com\sun\xml\bind\jaxb-impl\2.3.3\jaxb-impl-2.3.3.jar;C:\lib\org\testng\testng\6.14.3\testng-6.14.3.jar;C:\lib\com\beust\jcommander\1.72\jcommander-1.72.jar;C:\lib\org\apache-extras\beanshell\bsh\2.0b6\bsh-2.0b6.jar;C:\lib\com\google\googlejavaformat\google-java-format\1.9\google-java-format-1.9.jar;C:\lib\com\google\guava\guava\28.1-jre\guava-28.1-jre.jar;C:\lib\com\google\guava\failureaccess\1.0.1\failureaccess-1.0.1.jar;C:\lib\com\google\guava\listenablefuture\9999.0-empty-to-avoid-conflict-with-guava\listenablefuture-9999.0-empty-to-avoid-conflict-with-guava.jar;C:\lib\com\google\code\findbugs\jsr305\3.0.2\jsr305-3.0.2.jar;C:\lib\org\checkerframework\checker-qual\2.8.1\checker-qual-2.8.1.jar;C:\lib\com\google\errorprone\error_prone_annotations\2.3.2\error_prone_annotations-2.3.2.jar;C:\lib\com\google\j2objc\j2objc-annotations\1.3\j2objc-annotations-1.3.jar;C:\lib\org\codehaus\mojo\animal-sniffer-annotations\1.18\animal-sniffer-annotations-1.18.jar;C:\lib\org\jdom\jdom\2.0.2\jdom-2.0.2.jar;C:\lib\jaxen\jaxen\1.1.6\jaxen-1.1.6.jar;C:\lib\com\google\code\gson\gson\2.8.5\gson-2.8.5.jar;C:\lib\TopK\TopK\1.0\TopK-1.0.jar;C:\lib\com\amazonaws\aws-lambda-java-core\1.2.0\aws-lambda-java-core-1.2.0.jar;C:\lib\org\glassfish\jersey\core\jersey-client\2.25.1\jersey-client-2.25.1.jar;C:\lib\javax\ws\rs\javax.ws.rs-api\2.0.1\javax.ws.rs-api-2.0.1.jar;C:\lib\org\glassfish\jersey\core\jersey-common\2.25.1\jersey-common-2.25.1.jar;C:\lib\javax\annotation\javax.annotation-api\1.2\javax.annotation-api-1.2.jar;C:\lib\org\glassfish\jersey\bundles\repackaged\jersey-guava\2.25.1\jersey-guava-2.25.1.jar;C:\lib\org\glassfish\hk2\osgi-resource-locator\1.0.1\osgi-resource-locator-1.0.1.jar;C:\lib\org\glassfish\hk2\hk2-api\2.5.0-b32\hk2-api-2.5.0-b32.jar;C:\lib\org\glassfish\hk2\hk2-utils\2.5.0-b32\hk2-utils-2.5.0-b32.jar;C:\lib\org\glassfish\hk2\external\aopalliance-repackaged\2.5.0-b32\aopalliance-repackaged-2.5.0-b32.jar;C:\lib\org\glassfish\hk2\external\javax.inject\2.5.0-b32\javax.inject-2.5.0-b32.jar;C:\lib\org\glassfish\hk2\hk2-locator\2.5.0-b32\hk2-locator-2.5.0-b32.jar;C:\lib\org\javassist\javassist\3.20.0-GA\javassist-3.20.0-GA.jar;C:\lib\org\glassfish\jersey\media\jersey-media-json-jackson\2.25.1\jersey-media-json-jackson-2.25.1.jar;C:\lib\org\glassfish\jersey\ext\jersey-entity-filtering\2.25.1\jersey-entity-filtering-2.25.1.jar;C:\lib\com\fasterxml\jackson\jaxrs\jackson-jaxrs-base\2.8.4\jackson-jaxrs-base-2.8.4.jar;C:\lib\com\fasterxml\jackson\core\jackson-core\2.8.4\jackson-core-2.8.4.jar;C:\lib\com\fasterxml\jackson\core\jackson-databind\2.8.4\jackson-databind-2.8.4.jar;C:\lib\com\fasterxml\jackson\jaxrs\jackson-jaxrs-json-provider\2.8.4\jackson-jaxrs-json-provider-2.8.4.jar;C:\lib\com\fasterxml\jackson\module\jackson-module-jaxb-annotations\2.8.4\jackson-module-jaxb-annotations-2.8.4.jar;C:\lib\com\fasterxml\jackson\core\jackson-annotations\2.8.4\jackson-annotations-2.8.4.jar;C:\lib\com\amazonaws\aws-lambda-java-events\2.2.6\aws-lambda-java-events-2.2.6.jar;C:\lib\joda-time\joda-time\2.6\joda-time-2.6.jar;C:\lib\org\apache\maven\surefire\surefire-testng-utils\2.22.0\surefire-testng-utils-2.22.0.jar;C:\lib\org\apache\maven\surefire\surefire-grouper\2.22.0\surefire-grouper-2.22.0.jar;"/>
    <property name="java.vm.vendor" value="Oracle Corporation"/>
    <property name="sun.arch.data.model" value="64"/>
    <property name="user.variant" value=""/>
    <property name="configFilePath" value=".\configuration.xml"/>
    <property name="java.vendor.url" value="http://java.oracle.com/"/>
    <property name="user.timezone" value="Australia/Sydney"/>
    <property name="java.vm.specification.version" value="1.8"/>
    <property name="os.name" value="Windows 10"/>
    <property name="user.country" value="AU"/>
    <property name="sun.java.launcher" value="SUN_STANDARD"/>
    <property name="sun.boot.library.path" value="C:\Program Files\Java\jdk1.8.0_211\jre\bin"/>
    <property name="sun.java.command" value="C:\Users\scwang\AppData\Local\Temp\surefire6191748856657368676\surefirebooter8611198432139871149.jar C:\Users\scwang\AppData\Local\Temp\surefire6191748856657368676 2020-09-18T22-45-07_551-jvmRun1 surefire2625995481321708482tmp surefire_02366954988928904870tmp"/>
    <property name="surefire.test.class.path" value="C:\Scott\TestAPI\target\test-classes;C:\Scott\TestAPI\target\classes;C:\lib\io\rest-assured\rest-assured\4.3.1\rest-assured-4.3.1.jar;C:\lib\org\codehaus\groovy\groovy\3.0.3\groovy-3.0.3.jar;C:\lib\org\codehaus\groovy\groovy-xml\3.0.3\groovy-xml-3.0.3.jar;C:\lib\org\apache\httpcomponents\httpclient\4.5.3\httpclient-4.5.3.jar;C:\lib\org\apache\httpcomponents\httpcore\4.4.6\httpcore-4.4.6.jar;C:\lib\commons-logging\commons-logging\1.2\commons-logging-1.2.jar;C:\lib\commons-codec\commons-codec\1.9\commons-codec-1.9.jar;C:\lib\org\apache\httpcomponents\httpmime\4.5.3\httpmime-4.5.3.jar;C:\lib\org\hamcrest\hamcrest\2.1\hamcrest-2.1.jar;C:\lib\org\ccil\cowan\tagsoup\tagsoup\1.2.1\tagsoup-1.2.1.jar;C:\lib\io\rest-assured\json-path\4.3.1\json-path-4.3.1.jar;C:\lib\org\codehaus\groovy\groovy-json\3.0.3\groovy-json-3.0.3.jar;C:\lib\io\rest-assured\rest-assured-common\4.3.1\rest-assured-common-4.3.1.jar;C:\lib\io\rest-assured\xml-path\4.3.1\xml-path-4.3.1.jar;C:\lib\org\apache\commons\commons-lang3\3.4\commons-lang3-3.4.jar;C:\lib\jakarta\xml\bind\jakarta.xml.bind-api\2.3.3\jakarta.xml.bind-api-2.3.3.jar;C:\lib\jakarta\activation\jakarta.activation-api\1.2.2\jakarta.activation-api-1.2.2.jar;C:\lib\com\sun\xml\bind\jaxb-impl\2.3.3\jaxb-impl-2.3.3.jar;C:\lib\org\testng\testng\6.14.3\testng-6.14.3.jar;C:\lib\com\beust\jcommander\1.72\jcommander-1.72.jar;C:\lib\org\apache-extras\beanshell\bsh\2.0b6\bsh-2.0b6.jar;C:\lib\com\google\googlejavaformat\google-java-format\1.9\google-java-format-1.9.jar;C:\lib\com\google\guava\guava\28.1-jre\guava-28.1-jre.jar;C:\lib\com\google\guava\failureaccess\1.0.1\failureaccess-1.0.1.jar;C:\lib\com\google\guava\listenablefuture\9999.0-empty-to-avoid-conflict-with-guava\listenablefuture-9999.0-empty-to-avoid-conflict-with-guava.jar;C:\lib\com\google\code\findbugs\jsr305\3.0.2\jsr305-3.0.2.jar;C:\lib\org\checkerframework\checker-qual\2.8.1\checker-qual-2.8.1.jar;C:\lib\com\google\errorprone\error_prone_annotations\2.3.2\error_prone_annotations-2.3.2.jar;C:\lib\com\google\j2objc\j2objc-annotations\1.3\j2objc-annotations-1.3.jar;C:\lib\org\codehaus\mojo\animal-sniffer-annotations\1.18\animal-sniffer-annotations-1.18.jar;C:\lib\org\jdom\jdom\2.0.2\jdom-2.0.2.jar;C:\lib\jaxen\jaxen\1.1.6\jaxen-1.1.6.jar;C:\lib\com\google\code\gson\gson\2.8.5\gson-2.8.5.jar;C:\lib\TopK\TopK\1.0\TopK-1.0.jar;C:\lib\com\amazonaws\aws-lambda-java-core\1.2.0\aws-lambda-java-core-1.2.0.jar;C:\lib\org\glassfish\jersey\core\jersey-client\2.25.1\jersey-client-2.25.1.jar;C:\lib\javax\ws\rs\javax.ws.rs-api\2.0.1\javax.ws.rs-api-2.0.1.jar;C:\lib\org\glassfish\jersey\core\jersey-common\2.25.1\jersey-common-2.25.1.jar;C:\lib\javax\annotation\javax.annotation-api\1.2\javax.annotation-api-1.2.jar;C:\lib\org\glassfish\jersey\bundles\repackaged\jersey-guava\2.25.1\jersey-guava-2.25.1.jar;C:\lib\org\glassfish\hk2\osgi-resource-locator\1.0.1\osgi-resource-locator-1.0.1.jar;C:\lib\org\glassfish\hk2\hk2-api\2.5.0-b32\hk2-api-2.5.0-b32.jar;C:\lib\org\glassfish\hk2\hk2-utils\2.5.0-b32\hk2-utils-2.5.0-b32.jar;C:\lib\org\glassfish\hk2\external\aopalliance-repackaged\2.5.0-b32\aopalliance-repackaged-2.5.0-b32.jar;C:\lib\org\glassfish\hk2\external\javax.inject\2.5.0-b32\javax.inject-2.5.0-b32.jar;C:\lib\org\glassfish\hk2\hk2-locator\2.5.0-b32\hk2-locator-2.5.0-b32.jar;C:\lib\org\javassist\javassist\3.20.0-GA\javassist-3.20.0-GA.jar;C:\lib\org\glassfish\jersey\media\jersey-media-json-jackson\2.25.1\jersey-media-json-jackson-2.25.1.jar;C:\lib\org\glassfish\jersey\ext\jersey-entity-filtering\2.25.1\jersey-entity-filtering-2.25.1.jar;C:\lib\com\fasterxml\jackson\jaxrs\jackson-jaxrs-base\2.8.4\jackson-jaxrs-base-2.8.4.jar;C:\lib\com\fasterxml\jackson\core\jackson-core\2.8.4\jackson-core-2.8.4.jar;C:\lib\com\fasterxml\jackson\core\jackson-databind\2.8.4\jackson-databind-2.8.4.jar;C:\lib\com\fasterxml\jackson\jaxrs\jackson-jaxrs-json-provider\2.8.4\jackson-jaxrs-json-provider-2.8.4.jar;C:\lib\com\fasterxml\jackson\module\jackson-module-jaxb-annotations\2.8.4\jackson-module-jaxb-annotations-2.8.4.jar;C:\lib\com\fasterxml\jackson\core\jackson-annotations\2.8.4\jackson-annotations-2.8.4.jar;C:\lib\com\amazonaws\aws-lambda-java-events\2.2.6\aws-lambda-java-events-2.2.6.jar;C:\lib\joda-time\joda-time\2.6\joda-time-2.6.jar;C:\lib\org\apache\maven\surefire\surefire-testng-utils\2.22.0\surefire-testng-utils-2.22.0.jar;C:\lib\org\apache\maven\surefire\surefire-grouper\2.22.0\surefire-grouper-2.22.0.jar;"/>
    <property name="sun.cpu.endian" value="little"/>
    <property name="user.home" value="C:\Users\scwang"/>
    <property name="user.language" value="en"/>
    <property name="java.specification.vendor" value="Oracle Corporation"/>
    <property name="java.home" value="C:\Program Files\Java\jdk1.8.0_211\jre"/>
    <property name="basedir" value="C:\Scott\TestAPI"/>
    <property name="file.separator" value="\"/>
    <property name="line.separator" value="&#10;"/>
    <property name="java.vm.specification.vendor" value="Oracle Corporation"/>
    <property name="java.specification.name" value="Java Platform API Specification"/>
    <property name="java.awt.graphicsenv" value="sun.awt.Win32GraphicsEnvironment"/>
    <property name="surefire.real.class.path" value="C:\Users\scwang\AppData\Local\Temp\surefire6191748856657368676\surefirebooter8611198432139871149.jar"/>
    <property name="sun.boot.class.path" value="C:\Program Files\Java\jdk1.8.0_211\jre\lib\resources.jar;C:\Program Files\Java\jdk1.8.0_211\jre\lib\rt.jar;C:\Program Files\Java\jdk1.8.0_211\jre\lib\sunrsasign.jar;C:\Program Files\Java\jdk1.8.0_211\jre\lib\jsse.jar;C:\Program Files\Java\jdk1.8.0_211\jre\lib\jce.jar;C:\Program Files\Java\jdk1.8.0_211\jre\lib\charsets.jar;C:\Program Files\Java\jdk1.8.0_211\jre\lib\jfr.jar;C:\Program Files\Java\jdk1.8.0_211\jre\classes"/>
    <property name="user.script" value=""/>
    <property name="sun.management.compiler" value="HotSpot 64-Bit Tiered Compilers"/>
    <property name="java.runtime.version" value="1.8.0_211-b12"/>
    <property name="user.name" value="scwang"/>
    <property name="path.separator" value=";"/>
    <property name="os.version" value="10.0"/>
    <property name="java.endorsed.dirs" value="C:\Program Files\Java\jdk1.8.0_211\jre\lib\endorsed"/>
    <property name="java.runtime.name" value="Java(TM) SE Runtime Environment"/>
    <property name="file.encoding" value="Cp1252"/>
    <property name="java.vm.name" value="Java HotSpot(TM) 64-Bit Server VM"/>
    <property name="localRepository" value="C:\lib"/>
    <property name="java.vendor.url.bug" value="http://bugreport.sun.com/bugreport/"/>
    <property name="java.io.tmpdir" value="C:\Users\scwang\AppData\Local\Temp\"/>
    <property name="java.version" value="1.8.0_211"/>
    <property name="user.dir" value="C:\Scott\TestAPI"/>
    <property name="os.arch" value="amd64"/>
    <property name="java.vm.specification.name" value="Java Virtual Machine Specification"/>
    <property name="java.awt.printerjob" value="sun.awt.windows.WPrinterJob"/>
    <property name="sun.os.patch.level" value=""/>
    <property name="java.library.path" value="C:\Program Files\Java\jdk1.8.0_211\jre\bin;C:\WINDOWS\Sun\Java\bin;C:\WINDOWS\system32;C:\WINDOWS;C:\Program Files (x86)\NetSarang\Xshell 6\;C:\Program Files (x86)\Common Files\Oracle\Java\javapath;C:\Program Files (x86)\Intel\Intel(R) Management Engine Components\iCLS\;C:\Program Files\Intel\Intel(R) Management Engine Components\iCLS\;C:\Windows\system32;C:\Windows;C:\Windows\System32\Wbem;C:\Windows\System32\WindowsPowerShell\v1.0\;C:\Windows\System32\OpenSSH\;C:\Program Files (x86)\Intel\Intel(R) Management Engine Components\DAL;C:\Program Files\Intel\Intel(R) Management Engine Components\DAL;C:\Program Files (x86)\NVIDIA Corporation\PhysX\Common;C:\Program Files\dotnet\;C:\Program Files\Microsoft SQL Server\130\Tools\Binn\;C:\Program Files\Git\cmd;C:\Program Files\Java\jdk1.8.0_211\bin;C:\Scott\software\gatling-charts-highcharts-bundle-3.1.3-bundle\gatling-charts-highcharts-bundle-3.1.3\bin;C:\Program Files (x86)\Microsoft SQL Server\150\DTS\Binn\;C:\Users\scwang\AppData\Roaming\Python\Python37\Scripts;C:\Maven\bin;C:\Program Files (x86)\Vagrant\bin;C:\CGradle\gradle-5.5.1\bin;C:\Scott\software\terraform_0.12.5_windows_amd64;C:\Program Files\nodejs\;C:\Scott\nuget;C:\Program Files (x86)\Yarn\bin\;C:\Program Files\Microsoft\Web Platform Installer\;C:\Program Files\Microsoft SQL Server\Client SDK\ODBC\170\Tools\Binn\;C:\Program Files (x86)\NUnit.org\nunit-console;C:\Program Files\Docker\Docker\resources\bin;C:\ProgramData\DockerDesktop\version-bin;C:\Python3;C:\Python3\Scripts;C:\Users\scwang\node_modules\.bin;C:\Program Files\PuTTY\;C:\Go\bin;C:\RailsInstaller\Ruby2.3.3\bin;;C:\WINDOWS\system32;C:\WINDOWS;C:\WINDOWS\System32\Wbem;C:\WINDOWS\System32\WindowsPowerShell\v1.0\;C:\WINDOWS\System32\OpenSSH\;C:\Ruby27-x64\bin;C:\Users\scwang\AppData\Local\Microsoft\WindowsApps;C:\Users\scwang\AppData\Local\Programs\Microsoft VS Code\bin;C:\Users\scwang\AppData\Roaming\npm;C:\Users\scwang\AppData\Local\Yarn\bin;C:\Users\scwang\go\bin;C:\Users\scwang\AppData\Local\Microsoft\WindowsApps;;."/>
    <property name="java.vm.info" value="mixed mode"/>
    <property name="java.vendor" value="Oracle Corporation"/>
    <property name="java.vm.version" value="25.211-b12"/>
    <property name="java.ext.dirs" value="C:\Program Files\Java\jdk1.8.0_211\jre\lib\ext;C:\WINDOWS\Sun\Java\lib\ext"/>
    <property name="sun.io.unicode.encoding" value="UnicodeLittle"/>
    <property name="java.class.version" value="52.0"/>
  </properties>
  <testcase name="dataDrivenTest" classname="com.scott.api.test.EndToEndPositiveTest" time="2.207"/>
  <testcase name="dataDrivenTest" classname="com.scott.api.test.EndToEndPositiveTest" time="0.519"/>
  <testcase name="dataDrivenTest" classname="com.scott.api.test.NegativeLocationTest" time="0.036"/>
  <testcase name="dataDrivenTest" classname="com.scott.api.test.NegativeLocationTest" time="0.091"/>
  <testcase name="dataDrivenTest" classname="com.scott.api.test.NegativeServiceTest" time="0.638"/>
  <testcase name="dataDrivenTest" classname="com.scott.api.test.NegativeServiceTest" time="0.071"/>
  <testcase name="dataDrivenTest" classname="com.scott.api.test.NegativeServiceTest" time="0.102"/>
  <testcase name="dataDrivenTest" classname="com.scott.api.test.NegativeServiceTest" time="0.067"/>
  <testcase name="dataDrivenTest" classname="com.scott.api.test.NegativeServiceTest" time="0.063"/>
  <testcase name="dataDrivenTest" classname="com.scott.api.test.NegativeServiceTest" time="0.053"/>
  <testcase name="dataDrivenTest" classname="com.scott.api.test.NegativeCalculateCostTest" time="0.049"/>
  <testcase name="dataDrivenTest" classname="com.scott.api.test.NegativeCalculateCostTest" time="0.057"/>
  <testcase name="dataDrivenTest" classname="com.scott.api.test.NegativeCalculateCostTest" time="0.111"/>
  <testcase name="dataDrivenTest" classname="com.scott.api.test.NegativeCalculateCostTest" time="0.064"/>
  <testcase name="dataDrivenTest" classname="com.scott.api.test.NegativeCalculateCostTest" time="0.115"/>
  <testcase name="dataDrivenTest" classname="com.scott.api.test.NegativeCalculateCostTest" time="0.134"/>
  <testcase name="dataDrivenTest" classname="com.scott.api.test.NegativeCalculateCostTest" time="0.073"/>
</testsuite>