<?xml version="1.0" encoding="UTF-8"?>
<!-- Generated by org.testng.reporters.JUnitReportReporter -->
<testsuite skipped="0" hostname="CM000946-WIN" name="com.scott.api.test.NegativeLocationTest" tests="2" failures="0" timestamp="18 Sep 2020 12:45:14 GMT" time="0.235" errors="0">
  <testcase name="dataDrivenTest" time="0.121" classname="com.scott.api.test.NegativeLocationTest"/>
  <testcase name="dataDrivenTest" time="0.114" classname="com.scott.api.test.NegativeLocationTest"/>
</testsuite> <!-- com.scott.api.test.NegativeLocationTest -->
