<?xml version="1.0" encoding="UTF-8"?>
<!-- Generated by org.testng.reporters.JUnitReportReporter -->
<testsuite skipped="0" hostname="CM000946-WIN" name="com.scott.api.test.NegativeCalculateCostTest" tests="7" failures="0" timestamp="18 Sep 2020 12:45:14 GMT" time="0.990" errors="0">
  <testcase name="dataDrivenTest" time="0.211" classname="com.scott.api.test.NegativeCalculateCostTest"/>
  <testcase name="dataDrivenTest" time="0.119" classname="com.scott.api.test.NegativeCalculateCostTest"/>
  <testcase name="dataDrivenTest" time="0.115" classname="com.scott.api.test.NegativeCalculateCostTest"/>
  <testcase name="dataDrivenTest" time="0.150" classname="com.scott.api.test.NegativeCalculateCostTest"/>
  <testcase name="dataDrivenTest" time="0.104" classname="com.scott.api.test.NegativeCalculateCostTest"/>
  <testcase name="dataDrivenTest" time="0.171" classname="com.scott.api.test.NegativeCalculateCostTest"/>
  <testcase name="dataDrivenTest" time="0.120" classname="com.scott.api.test.NegativeCalculateCostTest"/>
</testsuite> <!-- com.scott.api.test.NegativeCalculateCostTest -->
