<?xml version="1.0" encoding="UTF-8"?>
<!-- Generated by org.testng.reporters.JUnitReportReporter -->
<testsuite skipped="0" hostname="CM000946-WIN" name="com.scott.api.test.NegativeServiceTest" tests="6" failures="0" timestamp="18 Sep 2020 12:45:14 GMT" time="1.340" errors="0">
  <testcase name="dataDrivenTest" time="0.115" classname="com.scott.api.test.NegativeServiceTest"/>
  <testcase name="dataDrivenTest" time="0.113" classname="com.scott.api.test.NegativeServiceTest"/>
  <testcase name="dataDrivenTest" time="0.141" classname="com.scott.api.test.NegativeServiceTest"/>
  <testcase name="dataDrivenTest" time="0.123" classname="com.scott.api.test.NegativeServiceTest"/>
  <testcase name="dataDrivenTest" time="0.117" classname="com.scott.api.test.NegativeServiceTest"/>
  <testcase name="dataDrivenTest" time="0.731" classname="com.scott.api.test.NegativeServiceTest"/>
</testsuite> <!-- com.scott.api.test.NegativeServiceTest -->
