<?xml version="1.0" encoding="UTF-8"?>
<!-- Generated by org.testng.reporters.JUnitReportReporter -->
<testsuite skipped="0" hostname="CM000946-WIN" name="com.scott.api.test.EndToEndPositiveTest" tests="2" failures="0" timestamp="18 Sep 2020 12:45:14 GMT" time="2.799" errors="0">
  <testcase name="dataDrivenTest" time="0.561" classname="com.scott.api.test.EndToEndPositiveTest"/>
  <testcase name="dataDrivenTest" time="2.238" classname="com.scott.api.test.EndToEndPositiveTest"/>
</testsuite> <!-- com.scott.api.test.EndToEndPositiveTest -->
